<?xml version="1.0" encoding="UTF-8"?>
<!-- Generated by org.testng.reporters.JUnitReportReporter -->
<testsuite hostname="Rakesh" failures="0" tests="3" name="com.thirtybees.testcases.MugPageTest" time="4.504" errors="0" timestamp="2021-08-23T11:39:57 IST" skipped="0">
  <testcase classname="com.thirtybees.testcases.MugPageTest" name="validatemugColors" time="0.354"/>
  <system-out/>
  <testcase classname="com.thirtybees.testcases.MugPageTest" name="validateContinueShopping" time="1.166"/>
  <system-out/>
  <testcase classname="com.thirtybees.testcases.MugPageTest" name="validateCheckout" time="2.984"/>
  <system-out/>
</testsuite> <!-- com.thirtybees.testcases.MugPageTest -->
