<?xml version="1.0" encoding="UTF-8"?>
<!-- Generated by org.testng.reporters.JUnitReportReporter -->
<testsuite hostname="Rakesh" failures="0" tests="3" name="com.thirtybees.testcases.SoapPageTest" time="9.395" errors="0" timestamp="2021-08-23T11:39:57 IST" skipped="0">
  <testcase classname="com.thirtybees.testcases.SoapPageTest" name="validateContinueShopping" time="2.972"/>
  <system-out/>
  <testcase classname="com.thirtybees.testcases.SoapPageTest" name="validateDataSheet" time="1.008"/>
  <system-out/>
  <testcase classname="com.thirtybees.testcases.SoapPageTest" name="validateCheckout" time="5.415"/>
  <system-out/>
</testsuite> <!-- com.thirtybees.testcases.SoapPageTest -->
