<?xml version="1.0" encoding="UTF-8"?>
<!-- Generated by org.testng.reporters.JUnitReportReporter -->
<testsuite hostname="Rakesh" failures="0" tests="3" name="com.thirtybees.testcases.LoginPageTest" time="145.585" errors="0" timestamp="2021-08-23T11:39:57 IST" skipped="0">
  <testcase classname="com.thirtybees.testcases.LoginPageTest" name="validateInvalidateLoginCredential" time="48.287"/>
  <system-out/>
  <testcase classname="com.thirtybees.testcases.LoginPageTest" name="validateBlankLoginCredential" time="44.937"/>
  <system-out/>
  <testcase classname="com.thirtybees.testcases.LoginPageTest" name="validateValidLoginCredential" time="52.361"/>
  <system-out/>
</testsuite> <!-- com.thirtybees.testcases.LoginPageTest -->
